DEBUG:oz.Guest.FedoraGuest:libvirt bridge name is virbr0
DEBUG:oz.Guest.FedoraGuest:Libvirt type is kvm
DEBUG:oz.Guest.FedoraGuest:Name: f19-jeos, UUID: e0e515f1-dc51-487d-be9f-20d8d604ace7
DEBUG:oz.Guest.FedoraGuest:MAC: 52:54:00:09:10:40, distro: Fedora
DEBUG:oz.Guest.FedoraGuest:update: 19, arch: x86_64, diskimage: /var/lib/libvirt/images/f19-jeos.dsk
DEBUG:oz.Guest.FedoraGuest:nicmodel: virtio, clockoffset: utc
DEBUG:oz.Guest.FedoraGuest:mousetype: ps2, disk_bus: virtio, disk_dev: vda
DEBUG:oz.Guest.FedoraGuest:icicletmp: /var/lib/oz/icicletmp/f19-jeos, listen_port: 31979
DEBUG:oz.Guest.FedoraGuest:Original ISO path: /var/lib/oz/isos/Fedora19x86_64-url.iso
DEBUG:oz.Guest.FedoraGuest:Modified ISO cache: /var/lib/oz/isos/Fedora19x86_64-url-oz.iso
DEBUG:oz.Guest.FedoraGuest:Output ISO path: /var/lib/libvirt/images/f19-jeos-url-oz.iso
DEBUG:oz.Guest.FedoraGuest:ISO content path: /var/lib/oz/isocontent/f19-jeos-url
INFO:oz.Guest.FedoraGuest:Checking for guest conflicts with f19-jeos
DEBUG:oz.Guest.FedoraGuest:Installtype is URL, trying to do direct kernel boot
DEBUG:oz.Guest.FedoraGuest:Going to write treeinfo to /var/lib/oz/icicletmp/f19-jeos/treeinfo
DEBUG:oz.Guest.FedoraGuest:Trying to get treeinfo from http://download.foo.bar.com/pub/fedora/linux/development/19/x86_64/os//.treeinfo
DEBUG:oz.Guest.FedoraGuest:Got treeinfo, parsing
DEBUG:oz.Guest.FedoraGuest:Returning kernel images/pxeboot/vmlinuz and initrd images/pxeboot/initrd.img
INFO:oz.Guest.FedoraGuest:Fetching the original media
DEBUG:oz.Guest.FedoraGuest:Attempting to get the lock for /var/lib/oz/kernels/Fedora19x86_64-kernel
DEBUG:oz.Guest.FedoraGuest:Got the lock, doing the download
INFO:oz.Guest.FedoraGuest:Fetching the original install media from http://download.foo.bar.com/pub/fedora/linux/development/19/x86_64/os/images/pxeboot/vmlinuz
DEBUG:oz.Guest.FedoraGuest:2kB of 4937kB
DEBUG:oz.Guest.FedoraGuest:4937kB of 4937kB
DEBUG:oz.Guest.FedoraGuest:4937kB of 4937kB
DEBUG:oz.Guest.FedoraGuest:4937kB of 4937kB
DEBUG:oz.Guest.FedoraGuest:4937kB of 4937kB
INFO:oz.Guest.FedoraGuest:Fetching the original media
DEBUG:oz.Guest.FedoraGuest:Attempting to get the lock for /var/lib/oz/kernels/Fedora19x86_64-ramdisk
DEBUG:oz.Guest.FedoraGuest:Got the lock, doing the download
INFO:oz.Guest.FedoraGuest:Fetching the original install media from http://download.foo.bar.com/pub/fedora/linux/development/19/x86_64/os/images/pxeboot/initrd.img
DEBUG:oz.Guest.FedoraGuest:Could not do direct boot, fetching boot.iso instead (the following error message is useful for bug reports, but can be ignored)
DEBUG:oz.Guest.FedoraGuest:[Errno 2] No such file or directory: '/var/lib/libvirt/images/f19-jeos-kernel'
INFO:oz.Guest.FedoraGuest:Generating install media
INFO:oz.Guest.FedoraGuest:Fetching the original media
DEBUG:oz.Guest.FedoraGuest:Attempting to get the lock for /var/lib/oz/isos/Fedora19x86_64-url.iso
DEBUG:oz.Guest.FedoraGuest:Got the lock, doing the download
INFO:oz.Guest.FedoraGuest:Fetching the original install media from http://download.foo.bar.com/pub/fedora/linux/development/19/x86_64/os//images/boot.iso
DEBUG:oz.Guest.FedoraGuest:0kB of 323584kB
DEBUG:oz.Guest.FedoraGuest:10240kB of 323584kB
DEBUG:oz.Guest.FedoraGuest:20488kB of 323584kB
DEBUG:oz.Guest.FedoraGuest:30720kB of 323584kB
DEBUG:oz.Guest.FedoraGuest:40960kB of 323584kB
DEBUG:oz.Guest.FedoraGuest:51200kB of 323584kB
DEBUG:oz.Guest.FedoraGuest:61444kB of 323584kB
DEBUG:oz.Guest.FedoraGuest:71680kB of 323584kB
DEBUG:oz.Guest.FedoraGuest:81920kB of 323584kB
DEBUG:oz.Guest.FedoraGuest:92160kB of 323584kB
DEBUG:oz.Guest.FedoraGuest:102400kB of 323584kB
DEBUG:oz.Guest.FedoraGuest:112640kB of 323584kB
DEBUG:oz.Guest.FedoraGuest:122880kB of 323584kB
DEBUG:oz.Guest.FedoraGuest:133120kB of 323584kB
DEBUG:oz.Guest.FedoraGuest:143360kB of 323584kB
DEBUG:oz.Guest.FedoraGuest:153600kB of 323584kB
DEBUG:oz.Guest.FedoraGuest:163840kB of 323584kB
DEBUG:oz.Guest.FedoraGuest:174080kB of 323584kB
DEBUG:oz.Guest.FedoraGuest:184320kB of 323584kB
DEBUG:oz.Guest.FedoraGuest:194560kB of 323584kB
DEBUG:oz.Guest.FedoraGuest:204800kB of 323584kB
DEBUG:oz.Guest.FedoraGuest:215040kB of 323584kB
DEBUG:oz.Guest.FedoraGuest:225280kB of 323584kB
DEBUG:oz.Guest.FedoraGuest:235520kB of 323584kB
DEBUG:oz.Guest.FedoraGuest:245760kB of 323584kB
DEBUG:oz.Guest.FedoraGuest:256000kB of 323584kB
DEBUG:oz.Guest.FedoraGuest:266240kB of 323584kB
DEBUG:oz.Guest.FedoraGuest:276480kB of 323584kB
DEBUG:oz.Guest.FedoraGuest:286720kB of 323584kB
DEBUG:oz.Guest.FedoraGuest:296960kB of 323584kB
DEBUG:oz.Guest.FedoraGuest:307200kB of 323584kB
DEBUG:oz.Guest.FedoraGuest:317440kB of 323584kB
DEBUG:oz.Guest.FedoraGuest:323584kB of 323584kB
DEBUG:oz.Guest.FedoraGuest:323584kB of 323584kB
DEBUG:oz.Guest.FedoraGuest:323584kB of 323584kB
DEBUG:oz.Guest.FedoraGuest:323584kB of 323584kB
INFO:oz.Guest.FedoraGuest:Copying ISO contents for modification
INFO:oz.Guest.FedoraGuest:Setting up guestfs handle for f19-jeos
DEBUG:oz.Guest.FedoraGuest:Adding ISO image /var/lib/oz/isos/Fedora19x86_64-url.iso
DEBUG:oz.Guest.FedoraGuest:Launching guestfs
DEBUG:oz.Guest.FedoraGuest:Mounting ISO
DEBUG:oz.Guest.FedoraGuest:Checking if there is enough space on the filesystem
DEBUG:oz.Guest.FedoraGuest:Extracting ISO contents
DEBUG:oz.Guest.FedoraGuest:Putting the kickstart in place
DEBUG:oz.Guest.FedoraGuest:Modifying isolinux.cfg
DEBUG:oz.Guest.FedoraGuest:Generating new ISO
INFO:oz.Guest.FedoraGuest:Cleaning up old ISO data
INFO:oz.Guest.FedoraGuest:Generating 10GB diskimage for f19-jeos
INFO:oz.Guest.FedoraGuest:Running install for f19-jeos
INFO:oz.Guest.FedoraGuest:Generate XML for guest f19-jeos with bootdev cdrom
DEBUG:oz.Guest.FedoraGuest:Generated XML:
<?xml version="1.0"?>
<domain type="kvm">
  <name>f19-jeos</name>
  <memory>1048576</memory>
  <currentMemory>1048576</currentMemory>
  <uuid>e0e515f1-dc51-487d-be9f-20d8d604ace7</uuid>
  <clock offset="utc"/>
  <vcpu>1</vcpu>
  <features>
    <acpi/>
    <apic/>
    <pae/>
  </features>
  <os>
    <type>hvm</type>
    <boot dev="cdrom"/>
  </os>
  <on_poweroff>destroy</on_poweroff>
  <on_reboot>destroy</on_reboot>
  <on_crash>destroy</on_crash>
  <devices>
    <graphics port="-1" type="vnc"/>
    <interface type="bridge">
      <source bridge="virbr0"/>
      <mac address="52:54:00:09:10:40"/>
      <model type="virtio"/>
    </interface>
    <input bus="ps2" type="mouse"/>
    <serial type="pty">
      <target port="0"/>
    </serial>
    <serial type="tcp">
      <source mode="bind" host="127.0.0.1" service="31979"/>
      <protocol type="raw"/>
      <target port="1"/>
    </serial>
    <disk device="disk" type="file">
      <target dev="vda" bus="virtio"/>
      <source file="/var/lib/libvirt/images/f19-jeos.dsk"/>
      <driver name="qemu" type="raw"/>
    </disk>
    <disk type="file" device="cdrom">
      <source file="/var/lib/libvirt/images/f19-jeos-url-oz.iso"/>
      <target dev="hdc"/>
    </disk>
  </devices>
</domain>

DEBUG:oz.Guest.FedoraGuest:Waiting for f19-jeos to finish installing, 1200/1200
DEBUG:oz.Guest.FedoraGuest:Waiting for f19-jeos to finish installing, 1190/1200
DEBUG:oz.Guest.FedoraGuest:Waiting for f19-jeos to finish installing, 1180/1200
DEBUG:oz.Guest.FedoraGuest:Waiting for f19-jeos to finish installing, 1170/1200
DEBUG:oz.Guest.FedoraGuest:Waiting for f19-jeos to finish installing, 1160/1200
DEBUG:oz.Guest.FedoraGuest:Waiting for f19-jeos to finish installing, 1150/1200
DEBUG:oz.Guest.FedoraGuest:Waiting for f19-jeos to finish installing, 1140/1200
DEBUG:oz.Guest.FedoraGuest:Waiting for f19-jeos to finish installing, 1130/1200
DEBUG:oz.Guest.FedoraGuest:Waiting for f19-jeos to finish installing, 1120/1200
DEBUG:oz.Guest.FedoraGuest:Waiting for f19-jeos to finish installing, 1110/1200
DEBUG:oz.Guest.FedoraGuest:Waiting for f19-jeos to finish installing, 1100/1200
DEBUG:oz.Guest.FedoraGuest:Waiting for f19-jeos to finish installing, 1090/1200
DEBUG:oz.Guest.FedoraGuest:Waiting for f19-jeos to finish installing, 1080/1200
DEBUG:oz.Guest.FedoraGuest:Waiting for f19-jeos to finish installing, 1070/1200
DEBUG:oz.Guest.FedoraGuest:Waiting for f19-jeos to finish installing, 1060/1200
DEBUG:oz.Guest.FedoraGuest:Waiting for f19-jeos to finish installing, 1050/1200
DEBUG:oz.Guest.FedoraGuest:Waiting for f19-jeos to finish installing, 1040/1200
DEBUG:oz.Guest.FedoraGuest:Waiting for f19-jeos to complete shutdown, 10/10
INFO:oz.Guest.FedoraGuest:Install of f19-jeos succeeded
INFO:oz.Guest.FedoraGuest:Generate XML for guest f19-jeos with bootdev hd
DEBUG:oz.Guest.FedoraGuest:Generated XML:
<?xml version="1.0"?>
<domain type="kvm">
  <name>f19-jeos</name>
  <memory>1048576</memory>
  <currentMemory>1048576</currentMemory>
  <uuid>e0e515f1-dc51-487d-be9f-20d8d604ace7</uuid>
  <clock offset="utc"/>
  <vcpu>1</vcpu>
  <features>
    <acpi/>
    <apic/>
    <pae/>
  </features>
  <os>
    <type>hvm</type>
    <boot dev="hd"/>
  </os>
  <on_poweroff>destroy</on_poweroff>
  <on_reboot>destroy</on_reboot>
  <on_crash>destroy</on_crash>
  <devices>
    <graphics port="-1" type="vnc"/>
    <interface type="bridge">
      <source bridge="virbr0"/>
      <mac address="52:54:00:09:10:40"/>
      <model type="virtio"/>
    </interface>
    <input bus="ps2" type="mouse"/>
    <serial type="pty">
      <target port="0"/>
    </serial>
    <serial type="tcp">
      <source mode="bind" host="127.0.0.1" service="31979"/>
      <protocol type="raw"/>
      <target port="1"/>
    </serial>
    <disk device="disk" type="file">
      <target dev="vda" bus="virtio"/>
      <source file="/var/lib/libvirt/images/f19-jeos.dsk"/>
      <driver name="qemu" type="raw"/>
    </disk>
  </devices>
</domain>

INFO:oz.Guest.FedoraGuest:Cleaning up after install
Libvirt XML was written to f19-jeosJun_28_2013-12:09:02
